<?xml version="1.0" encoding="UTF-8"?>
<testng-results ignored="0" total="1" passed="1" failed="0" skipped="0">
  <reporter-output>
  </reporter-output>
  <suite started-at="2024-11-26T12:11:34 IST" name="Default suite" finished-at="2024-11-26T12:11:36 IST" duration-ms="1642">
    <groups>
    </groups>
    <test started-at="2024-11-26T12:11:34 IST" name="Default test" finished-at="2024-11-26T12:11:36 IST" duration-ms="1642">
      <class name="com.sample.crud.withoutBdd.sampleTestforCreateTest">
        <test-method signature="postdatatoserverTest()[pri:0, instance:com.sample.crud.withoutBdd.sampleTestforCreateTest@4efc180e]" started-at="2024-11-26T12:11:34 IST" name="postdatatoserverTest" finished-at="2024-11-26T12:11:36 IST" duration-ms="1601" status="PASS">
          <reporter-output>
          </reporter-output>
        </test-method> <!-- postdatatoserverTest -->
      </class> <!-- com.sample.crud.withoutBdd.sampleTestforCreateTest -->
    </test> <!-- Default test -->
  </suite> <!-- Default suite -->
</testng-results>
